<?xml version="1.0" encoding="UTF-8"?>
<!-- Generated by org.testng.reporters.JUnitReportReporter -->
<testsuite hostname="DESKTOP-QVFBK35" failures="0" tests="5" name="testNGTutorial.personalLoan" time="0.021" errors="0" timestamp="2024-06-18T07:54:01 IST" skipped="0">
  <testcase classname="testNGTutorial.personalLoan" name="mobileLoginpersonalLoan" time="0.004"/>
  <system-out/>
  <testcase classname="testNGTutorial.personalLoan" name="webLogInpersonalLoan" time="0.004"/>
  <system-out/>
  <testcase classname="testNGTutorial.personalLoan" name="webLogInpersonalLoan" time="0.005"/>
  <system-out/>
  <testcase classname="testNGTutorial.personalLoan" name="webLogInpersonalLoan" time="0.005"/>
  <system-out/>
  <testcase classname="testNGTutorial.personalLoan" name="ApiLoginpersonalLoan" time="0.003"/>
  <system-out/>
</testsuite> <!-- testNGTutorial.personalLoan -->
