<?xml version="1.0" encoding="UTF-8"?>
<!-- Generated by org.testng.reporters.JUnitReportReporter -->
<testsuite hostname="DESKTOP-QVFBK35" failures="0" tests="2" name="testNGTutorial.login" time="0.002" errors="0" timestamp="2024-06-18T07:54:01 IST" skipped="1">
  <testcase classname="testNGTutorial.login" name="ApiLoginCarLoan" time="0.002"/>
  <system-out/>
  <testcase classname="testNGTutorial.login" name="webLogInCarLoan">
    <skipped/>
  </testcase> <!-- webLogInCarLoan -->
  <system-out/>
</testsuite> <!-- testNGTutorial.login -->
