<?xml version="1.0" encoding="UTF-8"?>
<!-- Generated by org.testng.reporters.JUnitReportReporter -->
<testsuite hostname="DESKTOP-QVFBK35" failures="0" tests="1" name="testNGTutorial.NewTest" time="0.014" errors="0" timestamp="2024-06-18T07:54:01 IST" skipped="0">
  <testcase classname="testNGTutorial.NewTest" name="b" time="0.014"/>
  <system-out/>
</testsuite> <!-- testNGTutorial.NewTest -->
