<?xml version="1.0" encoding="UTF-8"?>
<!-- Generated by org.testng.reporters.JUnitReportReporter -->
<testsuite hostname="DESKTOP-QVFBK35" failures="0" tests="1" name="testNGTutorial.personalLoan" time="0.003" errors="0" timestamp="2024-06-16T18:50:52 IST" skipped="0">
  <testcase classname="testNGTutorial.personalLoan" name="mobileLoginpersonalLoan" time="0.003"/>
  <system-out/>
</testsuite> <!-- testNGTutorial.personalLoan -->
