<?xml version="1.0" encoding="UTF-8"?>
<!-- Generated by org.testng.reporters.JUnitReportReporter -->
<testsuite hostname="DESKTOP-QVFBK35" failures="0" tests="1" name="testNGTutorial.testDemo" time="0.016" errors="0" timestamp="2024-06-16T20:30:34 IST" skipped="0">
  <testcase classname="testNGTutorial.testDemo" name="demo" time="0.016"/>
  <system-out/>
</testsuite> <!-- testNGTutorial.testDemo -->
